[17-May-2016 07:56:30 UTC] PHP Notice:  Undefined index: jzoom.js in /home/ubuntu/workspace/lite/public/products/view/index.php on line 28
[17-May-2016 07:56:30 UTC] PHP Notice:  Undefined index: drift.css in /home/ubuntu/workspace/lite/public/products/view/index.php on line 29
[17-May-2016 07:56:30 UTC] PHP Notice:  Undefined index: drift.js in /home/ubuntu/workspace/lite/public/products/view/index.php on line 30
[17-May-2016 07:56:34 UTC] PHP Notice:  Undefined index: jzoom.js in /home/ubuntu/workspace/lite/public/products/view/index.php on line 28
[17-May-2016 07:56:34 UTC] PHP Notice:  Undefined index: drift.css in /home/ubuntu/workspace/lite/public/products/view/index.php on line 29
[17-May-2016 07:56:34 UTC] PHP Notice:  Undefined index: drift.js in /home/ubuntu/workspace/lite/public/products/view/index.php on line 30
[17-May-2016 07:56:38 UTC] PHP Notice:  Undefined index: jzoom.js in /home/ubuntu/workspace/lite/public/products/view/index.php on line 28
[17-May-2016 07:56:38 UTC] PHP Notice:  Undefined index: drift.css in /home/ubuntu/workspace/lite/public/products/view/index.php on line 29
[17-May-2016 07:56:38 UTC] PHP Notice:  Undefined index: drift.js in /home/ubuntu/workspace/lite/public/products/view/index.php on line 30
[17-May-2016 07:57:09 UTC] PHP Notice:  Undefined index: jzoom.js in /home/ubuntu/workspace/lite/public/products/view/index.php on line 28
[17-May-2016 07:57:09 UTC] PHP Notice:  Undefined index: drift.css in /home/ubuntu/workspace/lite/public/products/view/index.php on line 29
[17-May-2016 07:57:09 UTC] PHP Notice:  Undefined index: drift.js in /home/ubuntu/workspace/lite/public/products/view/index.php on line 30
[17-May-2016 07:57:34 UTC] PHP Notice:  Undefined index: jzoom.js in /home/ubuntu/workspace/lite/public/products/view/index.php on line 28
[17-May-2016 07:57:34 UTC] PHP Notice:  Undefined index: drift.css in /home/ubuntu/workspace/lite/public/products/view/index.php on line 29
[17-May-2016 07:57:34 UTC] PHP Notice:  Undefined index: drift.js in /home/ubuntu/workspace/lite/public/products/view/index.php on line 30
[17-May-2016 08:02:50 UTC] PHP Notice:  Undefined index: jquery.js in /home/ubuntu/workspace/lite/public/products/view/index.php on line 12
[17-May-2016 08:03:22 UTC] PHP Notice:  Undefined index: jquery.js in /home/ubuntu/workspace/lite/public/products/view/index.php on line 12
[17-May-2016 08:03:24 UTC] PHP Notice:  Undefined index: jquery.js in /home/ubuntu/workspace/lite/public/products/view/index.php on line 12
[17-May-2016 08:03:52 UTC] PHP Notice:  Undefined index: jquery.js in /home/ubuntu/workspace/lite/public/products/view/index.php on line 12
[17-May-2016 08:03:54 UTC] PHP Notice:  Undefined index: jquery.js in /home/ubuntu/workspace/lite/public/products/view/index.php on line 12
[17-May-2016 08:06:49 UTC] PHP Notice:  Undefined index: jquery.js in /home/ubuntu/workspace/lite/public/products/view/index.php on line 12
[17-May-2016 08:06:51 UTC] PHP Notice:  Undefined index: jquery.js in /home/ubuntu/workspace/lite/public/products/view/index.php on line 12
[17-May-2016 08:09:26 UTC] PHP Notice:  Undefined index: jquery.js in /home/ubuntu/workspace/lite/public/products/view/index.php on line 12
[17-May-2016 08:09:28 UTC] PHP Notice:  Undefined index: jquery.js in /home/ubuntu/workspace/lite/public/products/view/index.php on line 12
[18-May-2016 03:23:16 UTC] PHP Warning:  include(content.php): failed to open stream: No such file or directory in /home/ubuntu/workspace/lite/public/products/view/index.php on line 150
[18-May-2016 03:23:16 UTC] PHP Warning:  include(): Failed opening 'content.php' for inclusion (include_path='.:/usr/share/php') in /home/ubuntu/workspace/lite/public/products/view/index.php on line 150
[18-May-2016 03:24:19 UTC] PHP Warning:  include(content.php): failed to open stream: No such file or directory in /home/ubuntu/workspace/lite/public/products/view/index.php on line 150
[18-May-2016 03:24:19 UTC] PHP Warning:  include(): Failed opening 'content.php' for inclusion (include_path='.:/usr/share/php') in /home/ubuntu/workspace/lite/public/products/view/index.php on line 150
[18-May-2016 03:25:14 UTC] PHP Warning:  include(content.php): failed to open stream: No such file or directory in /home/ubuntu/workspace/lite/public/snipps/foot.php on line 49
[18-May-2016 03:25:14 UTC] PHP Warning:  include(): Failed opening 'content.php' for inclusion (include_path='.:/usr/share/php') in /home/ubuntu/workspace/lite/public/snipps/foot.php on line 49
[18-May-2016 13:45:22 UTC] PHP Notice:  Undefined index: uikit.modal.js in /home/ubuntu/workspace/lite/public/products/view/index.php on line 25
[18-May-2016 13:48:06 UTC] PHP Notice:  Undefined index: uikit.modal.js in /home/ubuntu/workspace/lite/public/products/view/index.php on line 25
[19-May-2016 08:42:13 UTC] PHP Notice:  Undefined index: uikit.modal.js in /home/ubuntu/workspace/lite/public/products/view/index.php on line 23
[19-May-2016 08:42:22 UTC] PHP Notice:  Undefined index: uikit.modal.js in /home/ubuntu/workspace/lite/public/products/view/index.php on line 23
[19-May-2016 08:42:25 UTC] PHP Notice:  Undefined index: uikit.modal.js in /home/ubuntu/workspace/lite/public/products/view/index.php on line 23
[19-May-2016 08:57:34 UTC] PHP Notice:  Undefined index: uikit.modal.js in /home/ubuntu/workspace/lite/public/products/view/index.php on line 23
[19-May-2016 09:42:38 UTC] PHP Notice:  Undefined index: uikit.modal.js in /home/ubuntu/workspace/lite/public/products/view/index.php on line 23
[19-May-2016 09:57:21 UTC] PHP Notice:  Undefined index: uikit.modal.js in /home/ubuntu/workspace/lite/public/products/view/index.php on line 23
[19-May-2016 10:08:30 UTC] PHP Notice:  Undefined index: uikit.modal.js in /home/ubuntu/workspace/lite/public/products/view/index.php on line 23
[19-May-2016 10:22:50 UTC] PHP Notice:  Undefined index: uikit.modal.js in /home/ubuntu/workspace/lite/public/products/view/index.php on line 23
